[0.930s] DEBUG:colcon:Command line arguments: ['/usr/bin/colcon', 'build', '--packages-select', 'merge_arrays']
[0.930s] DEBUG:colcon:Parsed command line arguments: Namespace(log_base=None, log_level=None, verb_name='build', build_base='build', install_base='install', merge_install=False, symlink_install=False, test_result_base=None, continue_on_error=False, executor='parallel', parallel_workers=16, event_handlers=None, ignore_user_meta=False, metas=['./colcon.meta'], base_paths=['.'], packages_ignore=None, packages_ignore_regex=None, paths=None, packages_up_to=None, packages_up_to_regex=None, packages_above=None, packages_above_and_dependencies=None, packages_above_depth=None, packages_select_by_dep=None, packages_skip_by_dep=None, packages_skip_up_to=None, packages_select_build_failed=False, packages_skip_build_finished=False, packages_select_test_failures=False, packages_skip_test_passed=False, packages_select=['merge_arrays'], packages_skip=None, packages_select_regex=None, packages_skip_regex=None, packages_start=None, packages_end=None, allow_overriding=[], cmake_args=None, cmake_target=None, cmake_target_skip_unavailable=False, cmake_clean_cache=False, cmake_clean_first=False, cmake_force_configure=False, ament_cmake_args=None, catkin_cmake_args=None, catkin_skip_building_tests=False, verb_parser=<colcon_defaults.argument_parser.defaults.DefaultArgumentsDecorator object at 0x7f62391a37c0>, verb_extension=<colcon_core.verb.build.BuildVerb object at 0x7f62391a0400>, main=<bound method BuildVerb.main of <colcon_core.verb.build.BuildVerb object at 0x7f62391a0400>>)
[0.988s] Level 1:colcon.colcon_core.package_discovery:discover_packages(colcon_meta) check parameters
[0.988s] Level 1:colcon.colcon_core.package_discovery:discover_packages(recursive) check parameters
[0.988s] Level 1:colcon.colcon_core.package_discovery:discover_packages(ignore) check parameters
[0.988s] Level 1:colcon.colcon_core.package_discovery:discover_packages(path) check parameters
[0.988s] Level 1:colcon.colcon_core.package_discovery:discover_packages(colcon_meta) discover
[0.988s] Level 1:colcon.colcon_core.package_discovery:discover_packages(recursive) discover
[0.988s] INFO:colcon.colcon_core.package_discovery:Crawling recursively for packages in '/ros2_workspace/src/WA_CodingChallenges/merge_arrays/merge_arrays'
[0.989s] Level 1:colcon.colcon_core.package_identification:_identify(.) by extensions ['ignore', 'ignore_ament_install']
[0.989s] Level 1:colcon.colcon_core.package_identification:_identify(.) by extension 'ignore'
[0.989s] Level 1:colcon.colcon_core.package_identification:_identify(.) by extension 'ignore_ament_install'
[0.989s] Level 1:colcon.colcon_core.package_identification:_identify(.) by extensions ['colcon_pkg']
[0.989s] Level 1:colcon.colcon_core.package_identification:_identify(.) by extension 'colcon_pkg'
[0.989s] Level 1:colcon.colcon_core.package_identification:_identify(.) by extensions ['colcon_meta']
[0.989s] Level 1:colcon.colcon_core.package_identification:_identify(.) by extension 'colcon_meta'
[0.989s] Level 1:colcon.colcon_core.package_identification:_identify(.) by extensions ['ros']
[0.989s] Level 1:colcon.colcon_core.package_identification:_identify(.) by extension 'ros'
[1.003s] DEBUG:colcon.colcon_core.package_identification:Package '.' with type 'ros.ament_python' and name 'merge_arrays'
[1.003s] Level 1:colcon.colcon_core.package_discovery:discover_packages(recursive) using defaults
[1.004s] Level 1:colcon.colcon_core.package_discovery:discover_packages(ignore) discover
[1.004s] Level 1:colcon.colcon_core.package_discovery:discover_packages(ignore) using defaults
[1.004s] Level 1:colcon.colcon_core.package_discovery:discover_packages(path) discover
[1.004s] Level 1:colcon.colcon_core.package_discovery:discover_packages(path) using defaults
[1.142s] Level 1:colcon.colcon_core.package_discovery:discover_packages(prefix_path) check parameters
[1.142s] Level 1:colcon.colcon_core.package_discovery:discover_packages(prefix_path) discover
[1.162s] DEBUG:colcon.colcon_installed_package_information.package_discovery:Found 1 installed packages in /ros2_workspace/src/WA_CodingChallenges/merge_arrays/merge_arrays/install
[1.177s] DEBUG:colcon.colcon_installed_package_information.package_discovery:Found 180 installed packages in /opt/ros/humble
[1.178s] Level 1:colcon.colcon_core.package_discovery:discover_packages(prefix_path) using defaults
[1.262s] Level 5:colcon.colcon_core.verb:set package 'merge_arrays' build argument 'cmake_args' from command line to 'None'
[1.262s] Level 5:colcon.colcon_core.verb:set package 'merge_arrays' build argument 'cmake_target' from command line to 'None'
[1.262s] Level 5:colcon.colcon_core.verb:set package 'merge_arrays' build argument 'cmake_target_skip_unavailable' from command line to 'False'
[1.262s] Level 5:colcon.colcon_core.verb:set package 'merge_arrays' build argument 'cmake_clean_cache' from command line to 'False'
[1.262s] Level 5:colcon.colcon_core.verb:set package 'merge_arrays' build argument 'cmake_clean_first' from command line to 'False'
[1.262s] Level 5:colcon.colcon_core.verb:set package 'merge_arrays' build argument 'cmake_force_configure' from command line to 'False'
[1.262s] Level 5:colcon.colcon_core.verb:set package 'merge_arrays' build argument 'ament_cmake_args' from command line to 'None'
[1.262s] Level 5:colcon.colcon_core.verb:set package 'merge_arrays' build argument 'catkin_cmake_args' from command line to 'None'
[1.262s] Level 5:colcon.colcon_core.verb:set package 'merge_arrays' build argument 'catkin_skip_building_tests' from command line to 'False'
[1.262s] DEBUG:colcon.colcon_core.verb:Building package 'merge_arrays' with the following arguments: {'ament_cmake_args': None, 'build_base': '/ros2_workspace/src/WA_CodingChallenges/merge_arrays/merge_arrays/build/merge_arrays', 'catkin_cmake_args': None, 'catkin_skip_building_tests': False, 'cmake_args': None, 'cmake_clean_cache': False, 'cmake_clean_first': False, 'cmake_force_configure': False, 'cmake_target': None, 'cmake_target_skip_unavailable': False, 'install_base': '/ros2_workspace/src/WA_CodingChallenges/merge_arrays/merge_arrays/install/merge_arrays', 'merge_install': False, 'path': '/ros2_workspace/src/WA_CodingChallenges/merge_arrays/merge_arrays', 'symlink_install': False, 'test_result_base': None}
[1.272s] INFO:colcon.colcon_core.executor:Executing jobs using 'parallel' executor
[1.283s] DEBUG:colcon.colcon_parallel_executor.executor.parallel:run_until_complete
[1.283s] INFO:colcon.colcon_ros.task.ament_python.build:Building ROS package in '/ros2_workspace/src/WA_CodingChallenges/merge_arrays/merge_arrays' with build type 'ament_python'
[1.283s] Level 1:colcon.colcon_core.shell:create_environment_hook('merge_arrays', 'ament_prefix_path')
[1.297s] INFO:colcon.colcon_core.plugin_system:Skipping extension 'colcon_core.shell.bat': Not used on non-Windows systems
[1.298s] INFO:colcon.colcon_core.shell:Creating environment hook '/ros2_workspace/src/WA_CodingChallenges/merge_arrays/merge_arrays/install/merge_arrays/share/merge_arrays/hook/ament_prefix_path.ps1'
[1.298s] INFO:colcon.colcon_core.shell:Creating environment descriptor '/ros2_workspace/src/WA_CodingChallenges/merge_arrays/merge_arrays/install/merge_arrays/share/merge_arrays/hook/ament_prefix_path.dsv'
[1.299s] INFO:colcon.colcon_core.shell:Creating environment hook '/ros2_workspace/src/WA_CodingChallenges/merge_arrays/merge_arrays/install/merge_arrays/share/merge_arrays/hook/ament_prefix_path.sh'
[1.319s] INFO:colcon.colcon_core.shell:Skip shell extension 'powershell' for command environment: Not usable outside of PowerShell
[1.319s] DEBUG:colcon.colcon_core.shell:Skip shell extension 'dsv' for command environment
[1.645s] INFO:colcon.colcon_core.task.python.build:Building Python package in '/ros2_workspace/src/WA_CodingChallenges/merge_arrays/merge_arrays'
[1.661s] INFO:colcon.colcon_core.shell:Skip shell extension 'powershell' for command environment: Not usable outside of PowerShell
[1.661s] DEBUG:colcon.colcon_core.shell:Skip shell extension 'dsv' for command environment
[2.179s] DEBUG:colcon.colcon_core.event_handler.log_command:Invoking command in '/ros2_workspace/src/WA_CodingChallenges/merge_arrays/merge_arrays': PYTHONPATH=/ros2_workspace/src/WA_CodingChallenges/merge_arrays/merge_arrays/build/merge_arrays/prefix_override:/ros2_workspace/src/WA_CodingChallenges/merge_arrays/merge_arrays/install/merge_arrays/lib/python3.10/site-packages:${PYTHONPATH} /usr/bin/python3 setup.py egg_info --egg-base build/merge_arrays build --build-base /ros2_workspace/src/WA_CodingChallenges/merge_arrays/merge_arrays/build/merge_arrays/build install --record /ros2_workspace/src/WA_CodingChallenges/merge_arrays/merge_arrays/build/merge_arrays/install.log --single-version-externally-managed
[2.464s] DEBUG:colcon.colcon_core.event_handler.log_command:Invoked command in '/ros2_workspace/src/WA_CodingChallenges/merge_arrays/merge_arrays' returned '0': PYTHONPATH=/ros2_workspace/src/WA_CodingChallenges/merge_arrays/merge_arrays/build/merge_arrays/prefix_override:/ros2_workspace/src/WA_CodingChallenges/merge_arrays/merge_arrays/install/merge_arrays/lib/python3.10/site-packages:${PYTHONPATH} /usr/bin/python3 setup.py egg_info --egg-base build/merge_arrays build --build-base /ros2_workspace/src/WA_CodingChallenges/merge_arrays/merge_arrays/build/merge_arrays/build install --record /ros2_workspace/src/WA_CodingChallenges/merge_arrays/merge_arrays/build/merge_arrays/install.log --single-version-externally-managed
[2.485s] Level 1:colcon.colcon_core.environment:checking '/ros2_workspace/src/WA_CodingChallenges/merge_arrays/merge_arrays/install/merge_arrays' for CMake module files
[2.486s] Level 1:colcon.colcon_core.environment:checking '/ros2_workspace/src/WA_CodingChallenges/merge_arrays/merge_arrays/install/merge_arrays' for CMake config files
[2.487s] Level 1:colcon.colcon_core.environment:checking '/ros2_workspace/src/WA_CodingChallenges/merge_arrays/merge_arrays/install/merge_arrays/lib'
[2.488s] Level 1:colcon.colcon_core.environment:checking '/ros2_workspace/src/WA_CodingChallenges/merge_arrays/merge_arrays/install/merge_arrays/bin'
[2.488s] Level 1:colcon.colcon_core.environment:checking '/ros2_workspace/src/WA_CodingChallenges/merge_arrays/merge_arrays/install/merge_arrays/lib/pkgconfig/merge_arrays.pc'
[2.488s] Level 1:colcon.colcon_core.environment:checking '/ros2_workspace/src/WA_CodingChallenges/merge_arrays/merge_arrays/install/merge_arrays/lib/python3.10/site-packages'
[2.488s] Level 1:colcon.colcon_core.shell:create_environment_hook('merge_arrays', 'pythonpath')
[2.502s] INFO:colcon.colcon_core.shell:Creating environment hook '/ros2_workspace/src/WA_CodingChallenges/merge_arrays/merge_arrays/install/merge_arrays/share/merge_arrays/hook/pythonpath.ps1'
[2.502s] INFO:colcon.colcon_core.shell:Creating environment descriptor '/ros2_workspace/src/WA_CodingChallenges/merge_arrays/merge_arrays/install/merge_arrays/share/merge_arrays/hook/pythonpath.dsv'
[2.502s] INFO:colcon.colcon_core.shell:Creating environment hook '/ros2_workspace/src/WA_CodingChallenges/merge_arrays/merge_arrays/install/merge_arrays/share/merge_arrays/hook/pythonpath.sh'
[2.503s] Level 1:colcon.colcon_core.environment:checking '/ros2_workspace/src/WA_CodingChallenges/merge_arrays/merge_arrays/install/merge_arrays/bin'
[2.503s] Level 1:colcon.colcon_core.environment:create_environment_scripts_only(merge_arrays)
[2.516s] INFO:colcon.colcon_core.shell:Creating package script '/ros2_workspace/src/WA_CodingChallenges/merge_arrays/merge_arrays/install/merge_arrays/share/merge_arrays/package.ps1'
[2.518s] INFO:colcon.colcon_core.shell:Creating package descriptor '/ros2_workspace/src/WA_CodingChallenges/merge_arrays/merge_arrays/install/merge_arrays/share/merge_arrays/package.dsv'
[2.519s] INFO:colcon.colcon_core.shell:Creating package script '/ros2_workspace/src/WA_CodingChallenges/merge_arrays/merge_arrays/install/merge_arrays/share/merge_arrays/package.sh'
[2.520s] INFO:colcon.colcon_core.shell:Creating package script '/ros2_workspace/src/WA_CodingChallenges/merge_arrays/merge_arrays/install/merge_arrays/share/merge_arrays/package.bash'
[2.521s] INFO:colcon.colcon_core.shell:Creating package script '/ros2_workspace/src/WA_CodingChallenges/merge_arrays/merge_arrays/install/merge_arrays/share/merge_arrays/package.zsh'
[2.524s] Level 1:colcon.colcon_core.environment:create_file_with_runtime_dependencies(/ros2_workspace/src/WA_CodingChallenges/merge_arrays/merge_arrays/install/merge_arrays/share/colcon-core/packages/merge_arrays)
[2.524s] DEBUG:colcon.colcon_parallel_executor.executor.parallel:closing loop
[2.525s] DEBUG:colcon.colcon_parallel_executor.executor.parallel:loop closed
[2.525s] DEBUG:colcon.colcon_parallel_executor.executor.parallel:run_until_complete finished with '0'
[2.525s] DEBUG:colcon.colcon_core.event_reactor:joining thread
[2.557s] INFO:colcon.colcon_core.plugin_system:Skipping extension 'colcon_notification.desktop_notification.notify_send': Could not find 'notify-send'
[2.558s] INFO:colcon.colcon_core.plugin_system:Skipping extension 'colcon_notification.desktop_notification.terminal_notifier': Not used on non-Darwin systems
[2.558s] INFO:colcon.colcon_core.plugin_system:Skipping extension 'colcon_notification.desktop_notification.win32': Not used on non-Windows systems
[2.558s] INFO:colcon.colcon_notification.desktop_notification:Sending desktop notification using 'notify2'
[2.558s] DEBUG:colcon.colcon_notification.desktop_notification.notify2:Failed to initialize notify2: org.freedesktop.DBus.Error.NotSupported: Unable to autolaunch a dbus-daemon without a $DISPLAY for X11
[2.558s] DEBUG:colcon.colcon_core.event_reactor:joined thread
[2.575s] INFO:colcon.colcon_core.shell:Creating prefix script '/ros2_workspace/src/WA_CodingChallenges/merge_arrays/merge_arrays/install/local_setup.ps1'
[2.577s] INFO:colcon.colcon_core.shell:Creating prefix util module '/ros2_workspace/src/WA_CodingChallenges/merge_arrays/merge_arrays/install/_local_setup_util_ps1.py'
[2.580s] INFO:colcon.colcon_core.shell:Creating prefix chain script '/ros2_workspace/src/WA_CodingChallenges/merge_arrays/merge_arrays/install/setup.ps1'
[2.602s] INFO:colcon.colcon_core.shell:Creating prefix script '/ros2_workspace/src/WA_CodingChallenges/merge_arrays/merge_arrays/install/local_setup.sh'
[2.603s] INFO:colcon.colcon_core.shell:Creating prefix util module '/ros2_workspace/src/WA_CodingChallenges/merge_arrays/merge_arrays/install/_local_setup_util_sh.py'
[2.604s] INFO:colcon.colcon_core.shell:Creating prefix chain script '/ros2_workspace/src/WA_CodingChallenges/merge_arrays/merge_arrays/install/setup.sh'
[2.621s] INFO:colcon.colcon_core.shell:Creating prefix script '/ros2_workspace/src/WA_CodingChallenges/merge_arrays/merge_arrays/install/local_setup.bash'
[2.622s] INFO:colcon.colcon_core.shell:Creating prefix chain script '/ros2_workspace/src/WA_CodingChallenges/merge_arrays/merge_arrays/install/setup.bash'
[2.633s] INFO:colcon.colcon_core.shell:Creating prefix script '/ros2_workspace/src/WA_CodingChallenges/merge_arrays/merge_arrays/install/local_setup.zsh'
[2.633s] INFO:colcon.colcon_core.shell:Creating prefix chain script '/ros2_workspace/src/WA_CodingChallenges/merge_arrays/merge_arrays/install/setup.zsh'
